[2024-07-08T15:46:01.734+0000] {processor.py:157} INFO - Started process (PID=174) to work on /opt/airflow/dags/spark-airflow.py
[2024-07-08T15:46:01.736+0000] {processor.py:829} INFO - Processing file /opt/airflow/dags/spark-airflow.py for tasks to queue
[2024-07-08T15:46:01.744+0000] {logging_mixin.py:151} INFO - [2024-07-08T15:46:01.743+0000] {dagbag.py:539} INFO - Filling up the DagBag from /opt/airflow/dags/spark-airflow.py
[2024-07-08T15:46:01.769+0000] {processor.py:839} INFO - DAG(s) dict_keys(['spark-airflow']) retrieved from /opt/airflow/dags/spark-airflow.py
[2024-07-08T15:46:01.813+0000] {logging_mixin.py:151} INFO - [2024-07-08T15:46:01.812+0000] {dag.py:2915} INFO - Sync 1 DAGs
[2024-07-08T15:46:01.852+0000] {logging_mixin.py:151} INFO - [2024-07-08T15:46:01.852+0000] {dag.py:3696} INFO - Setting next_dagrun for spark-airflow to 2024-07-07T00:00:00+00:00, run_after=2024-07-08T00:00:00+00:00
[2024-07-08T15:46:01.879+0000] {processor.py:179} INFO - Processing /opt/airflow/dags/spark-airflow.py took 0.151 seconds
[2024-07-08T15:46:32.144+0000] {processor.py:157} INFO - Started process (PID=189) to work on /opt/airflow/dags/spark-airflow.py
[2024-07-08T15:46:32.145+0000] {processor.py:829} INFO - Processing file /opt/airflow/dags/spark-airflow.py for tasks to queue
[2024-07-08T15:46:32.148+0000] {logging_mixin.py:151} INFO - [2024-07-08T15:46:32.148+0000] {dagbag.py:539} INFO - Filling up the DagBag from /opt/airflow/dags/spark-airflow.py
[2024-07-08T15:46:32.166+0000] {processor.py:839} INFO - DAG(s) dict_keys(['spark-airflow']) retrieved from /opt/airflow/dags/spark-airflow.py
[2024-07-08T15:46:32.220+0000] {logging_mixin.py:151} INFO - [2024-07-08T15:46:32.219+0000] {dag.py:2915} INFO - Sync 1 DAGs
[2024-07-08T15:46:32.249+0000] {logging_mixin.py:151} INFO - [2024-07-08T15:46:32.248+0000] {dag.py:3696} INFO - Setting next_dagrun for spark-airflow to 2024-07-07T00:00:00+00:00, run_after=2024-07-08T00:00:00+00:00
[2024-07-08T15:46:32.267+0000] {processor.py:179} INFO - Processing /opt/airflow/dags/spark-airflow.py took 0.128 seconds
[2024-07-08T15:47:02.495+0000] {processor.py:157} INFO - Started process (PID=204) to work on /opt/airflow/dags/spark-airflow.py
[2024-07-08T15:47:02.496+0000] {processor.py:829} INFO - Processing file /opt/airflow/dags/spark-airflow.py for tasks to queue
[2024-07-08T15:47:02.498+0000] {logging_mixin.py:151} INFO - [2024-07-08T15:47:02.498+0000] {dagbag.py:539} INFO - Filling up the DagBag from /opt/airflow/dags/spark-airflow.py
[2024-07-08T15:47:02.513+0000] {processor.py:839} INFO - DAG(s) dict_keys(['spark-airflow']) retrieved from /opt/airflow/dags/spark-airflow.py
[2024-07-08T15:47:02.540+0000] {logging_mixin.py:151} INFO - [2024-07-08T15:47:02.539+0000] {dag.py:2915} INFO - Sync 1 DAGs
[2024-07-08T15:47:02.559+0000] {logging_mixin.py:151} INFO - [2024-07-08T15:47:02.558+0000] {dag.py:3696} INFO - Setting next_dagrun for spark-airflow to 2024-07-07T00:00:00+00:00, run_after=2024-07-08T00:00:00+00:00
[2024-07-08T15:47:02.572+0000] {processor.py:179} INFO - Processing /opt/airflow/dags/spark-airflow.py took 0.080 seconds
[2024-07-08T15:47:32.848+0000] {processor.py:157} INFO - Started process (PID=219) to work on /opt/airflow/dags/spark-airflow.py
[2024-07-08T15:47:32.850+0000] {processor.py:829} INFO - Processing file /opt/airflow/dags/spark-airflow.py for tasks to queue
[2024-07-08T15:47:32.855+0000] {logging_mixin.py:151} INFO - [2024-07-08T15:47:32.855+0000] {dagbag.py:539} INFO - Filling up the DagBag from /opt/airflow/dags/spark-airflow.py
[2024-07-08T15:47:32.875+0000] {processor.py:839} INFO - DAG(s) dict_keys(['spark-airflow']) retrieved from /opt/airflow/dags/spark-airflow.py
[2024-07-08T15:47:32.907+0000] {logging_mixin.py:151} INFO - [2024-07-08T15:47:32.906+0000] {dag.py:2915} INFO - Sync 1 DAGs
[2024-07-08T15:47:32.924+0000] {logging_mixin.py:151} INFO - [2024-07-08T15:47:32.924+0000] {dag.py:3696} INFO - Setting next_dagrun for spark-airflow to 2024-07-07T00:00:00+00:00, run_after=2024-07-08T00:00:00+00:00
[2024-07-08T15:47:32.937+0000] {processor.py:179} INFO - Processing /opt/airflow/dags/spark-airflow.py took 0.095 seconds
[2024-07-08T15:48:03.145+0000] {processor.py:157} INFO - Started process (PID=234) to work on /opt/airflow/dags/spark-airflow.py
[2024-07-08T15:48:03.146+0000] {processor.py:829} INFO - Processing file /opt/airflow/dags/spark-airflow.py for tasks to queue
[2024-07-08T15:48:03.148+0000] {logging_mixin.py:151} INFO - [2024-07-08T15:48:03.147+0000] {dagbag.py:539} INFO - Filling up the DagBag from /opt/airflow/dags/spark-airflow.py
[2024-07-08T15:48:03.161+0000] {processor.py:839} INFO - DAG(s) dict_keys(['spark-airflow']) retrieved from /opt/airflow/dags/spark-airflow.py
[2024-07-08T15:48:03.187+0000] {logging_mixin.py:151} INFO - [2024-07-08T15:48:03.187+0000] {dag.py:2915} INFO - Sync 1 DAGs
[2024-07-08T15:48:03.205+0000] {logging_mixin.py:151} INFO - [2024-07-08T15:48:03.205+0000] {dag.py:3696} INFO - Setting next_dagrun for spark-airflow to 2024-07-07T00:00:00+00:00, run_after=2024-07-08T00:00:00+00:00
[2024-07-08T15:48:03.218+0000] {processor.py:179} INFO - Processing /opt/airflow/dags/spark-airflow.py took 0.076 seconds
[2024-07-08T15:48:33.483+0000] {processor.py:157} INFO - Started process (PID=249) to work on /opt/airflow/dags/spark-airflow.py
[2024-07-08T15:48:33.484+0000] {processor.py:829} INFO - Processing file /opt/airflow/dags/spark-airflow.py for tasks to queue
[2024-07-08T15:48:33.487+0000] {logging_mixin.py:151} INFO - [2024-07-08T15:48:33.487+0000] {dagbag.py:539} INFO - Filling up the DagBag from /opt/airflow/dags/spark-airflow.py
[2024-07-08T15:48:33.500+0000] {processor.py:839} INFO - DAG(s) dict_keys(['spark-airflow']) retrieved from /opt/airflow/dags/spark-airflow.py
[2024-07-08T15:48:33.525+0000] {logging_mixin.py:151} INFO - [2024-07-08T15:48:33.524+0000] {dag.py:2915} INFO - Sync 1 DAGs
[2024-07-08T15:48:33.540+0000] {logging_mixin.py:151} INFO - [2024-07-08T15:48:33.540+0000] {dag.py:3696} INFO - Setting next_dagrun for spark-airflow to 2024-07-07T00:00:00+00:00, run_after=2024-07-08T00:00:00+00:00
[2024-07-08T15:48:33.552+0000] {processor.py:179} INFO - Processing /opt/airflow/dags/spark-airflow.py took 0.072 seconds
[2024-07-08T15:49:03.819+0000] {processor.py:157} INFO - Started process (PID=264) to work on /opt/airflow/dags/spark-airflow.py
[2024-07-08T15:49:03.820+0000] {processor.py:829} INFO - Processing file /opt/airflow/dags/spark-airflow.py for tasks to queue
[2024-07-08T15:49:03.823+0000] {logging_mixin.py:151} INFO - [2024-07-08T15:49:03.822+0000] {dagbag.py:539} INFO - Filling up the DagBag from /opt/airflow/dags/spark-airflow.py
[2024-07-08T15:49:03.836+0000] {processor.py:839} INFO - DAG(s) dict_keys(['spark-airflow']) retrieved from /opt/airflow/dags/spark-airflow.py
[2024-07-08T15:49:03.863+0000] {logging_mixin.py:151} INFO - [2024-07-08T15:49:03.863+0000] {dag.py:2915} INFO - Sync 1 DAGs
[2024-07-08T15:49:03.880+0000] {logging_mixin.py:151} INFO - [2024-07-08T15:49:03.880+0000] {dag.py:3696} INFO - Setting next_dagrun for spark-airflow to 2024-07-07T00:00:00+00:00, run_after=2024-07-08T00:00:00+00:00
[2024-07-08T15:49:03.892+0000] {processor.py:179} INFO - Processing /opt/airflow/dags/spark-airflow.py took 0.077 seconds
[2024-07-08T15:49:34.138+0000] {processor.py:157} INFO - Started process (PID=279) to work on /opt/airflow/dags/spark-airflow.py
[2024-07-08T15:49:34.139+0000] {processor.py:829} INFO - Processing file /opt/airflow/dags/spark-airflow.py for tasks to queue
[2024-07-08T15:49:34.142+0000] {logging_mixin.py:151} INFO - [2024-07-08T15:49:34.142+0000] {dagbag.py:539} INFO - Filling up the DagBag from /opt/airflow/dags/spark-airflow.py
[2024-07-08T15:49:34.156+0000] {processor.py:839} INFO - DAG(s) dict_keys(['spark-airflow']) retrieved from /opt/airflow/dags/spark-airflow.py
[2024-07-08T15:49:34.182+0000] {logging_mixin.py:151} INFO - [2024-07-08T15:49:34.181+0000] {dag.py:2915} INFO - Sync 1 DAGs
[2024-07-08T15:49:34.201+0000] {logging_mixin.py:151} INFO - [2024-07-08T15:49:34.201+0000] {dag.py:3696} INFO - Setting next_dagrun for spark-airflow to 2024-07-07T00:00:00+00:00, run_after=2024-07-08T00:00:00+00:00
[2024-07-08T15:49:34.214+0000] {processor.py:179} INFO - Processing /opt/airflow/dags/spark-airflow.py took 0.079 seconds
[2024-07-08T15:50:04.456+0000] {processor.py:157} INFO - Started process (PID=294) to work on /opt/airflow/dags/spark-airflow.py
[2024-07-08T15:50:04.457+0000] {processor.py:829} INFO - Processing file /opt/airflow/dags/spark-airflow.py for tasks to queue
[2024-07-08T15:50:04.459+0000] {logging_mixin.py:151} INFO - [2024-07-08T15:50:04.459+0000] {dagbag.py:539} INFO - Filling up the DagBag from /opt/airflow/dags/spark-airflow.py
[2024-07-08T15:50:04.474+0000] {processor.py:839} INFO - DAG(s) dict_keys(['spark-airflow']) retrieved from /opt/airflow/dags/spark-airflow.py
[2024-07-08T15:50:04.498+0000] {logging_mixin.py:151} INFO - [2024-07-08T15:50:04.497+0000] {dag.py:2915} INFO - Sync 1 DAGs
[2024-07-08T15:50:04.514+0000] {logging_mixin.py:151} INFO - [2024-07-08T15:50:04.514+0000] {dag.py:3696} INFO - Setting next_dagrun for spark-airflow to 2024-07-07T00:00:00+00:00, run_after=2024-07-08T00:00:00+00:00
[2024-07-08T15:50:04.526+0000] {processor.py:179} INFO - Processing /opt/airflow/dags/spark-airflow.py took 0.074 seconds
[2024-07-08T15:50:34.777+0000] {processor.py:157} INFO - Started process (PID=309) to work on /opt/airflow/dags/spark-airflow.py
[2024-07-08T15:50:34.778+0000] {processor.py:829} INFO - Processing file /opt/airflow/dags/spark-airflow.py for tasks to queue
[2024-07-08T15:50:34.781+0000] {logging_mixin.py:151} INFO - [2024-07-08T15:50:34.780+0000] {dagbag.py:539} INFO - Filling up the DagBag from /opt/airflow/dags/spark-airflow.py
[2024-07-08T15:50:34.792+0000] {processor.py:839} INFO - DAG(s) dict_keys(['spark-airflow']) retrieved from /opt/airflow/dags/spark-airflow.py
[2024-07-08T15:50:34.817+0000] {logging_mixin.py:151} INFO - [2024-07-08T15:50:34.816+0000] {dag.py:2915} INFO - Sync 1 DAGs
[2024-07-08T15:50:34.834+0000] {logging_mixin.py:151} INFO - [2024-07-08T15:50:34.834+0000] {dag.py:3696} INFO - Setting next_dagrun for spark-airflow to 2024-07-07T00:00:00+00:00, run_after=2024-07-08T00:00:00+00:00
[2024-07-08T15:50:34.847+0000] {processor.py:179} INFO - Processing /opt/airflow/dags/spark-airflow.py took 0.073 seconds
[2024-07-08T15:51:05.131+0000] {processor.py:157} INFO - Started process (PID=324) to work on /opt/airflow/dags/spark-airflow.py
[2024-07-08T15:51:05.132+0000] {processor.py:829} INFO - Processing file /opt/airflow/dags/spark-airflow.py for tasks to queue
[2024-07-08T15:51:05.135+0000] {logging_mixin.py:151} INFO - [2024-07-08T15:51:05.134+0000] {dagbag.py:539} INFO - Filling up the DagBag from /opt/airflow/dags/spark-airflow.py
[2024-07-08T15:51:05.147+0000] {processor.py:839} INFO - DAG(s) dict_keys(['spark-airflow']) retrieved from /opt/airflow/dags/spark-airflow.py
[2024-07-08T15:51:05.173+0000] {logging_mixin.py:151} INFO - [2024-07-08T15:51:05.173+0000] {dag.py:2915} INFO - Sync 1 DAGs
[2024-07-08T15:51:05.191+0000] {logging_mixin.py:151} INFO - [2024-07-08T15:51:05.191+0000] {dag.py:3696} INFO - Setting next_dagrun for spark-airflow to 2024-07-07T00:00:00+00:00, run_after=2024-07-08T00:00:00+00:00
[2024-07-08T15:51:05.207+0000] {processor.py:179} INFO - Processing /opt/airflow/dags/spark-airflow.py took 0.080 seconds
[2024-07-08T15:51:35.484+0000] {processor.py:157} INFO - Started process (PID=339) to work on /opt/airflow/dags/spark-airflow.py
[2024-07-08T15:51:35.485+0000] {processor.py:829} INFO - Processing file /opt/airflow/dags/spark-airflow.py for tasks to queue
[2024-07-08T15:51:35.488+0000] {logging_mixin.py:151} INFO - [2024-07-08T15:51:35.487+0000] {dagbag.py:539} INFO - Filling up the DagBag from /opt/airflow/dags/spark-airflow.py
[2024-07-08T15:51:35.501+0000] {processor.py:839} INFO - DAG(s) dict_keys(['spark-airflow']) retrieved from /opt/airflow/dags/spark-airflow.py
[2024-07-08T15:51:35.529+0000] {logging_mixin.py:151} INFO - [2024-07-08T15:51:35.528+0000] {dag.py:2915} INFO - Sync 1 DAGs
[2024-07-08T15:51:35.552+0000] {logging_mixin.py:151} INFO - [2024-07-08T15:51:35.552+0000] {dag.py:3696} INFO - Setting next_dagrun for spark-airflow to 2024-07-07T00:00:00+00:00, run_after=2024-07-08T00:00:00+00:00
[2024-07-08T15:51:35.568+0000] {processor.py:179} INFO - Processing /opt/airflow/dags/spark-airflow.py took 0.088 seconds
[2024-07-08T15:52:05.827+0000] {processor.py:157} INFO - Started process (PID=354) to work on /opt/airflow/dags/spark-airflow.py
[2024-07-08T15:52:05.827+0000] {processor.py:829} INFO - Processing file /opt/airflow/dags/spark-airflow.py for tasks to queue
[2024-07-08T15:52:05.830+0000] {logging_mixin.py:151} INFO - [2024-07-08T15:52:05.830+0000] {dagbag.py:539} INFO - Filling up the DagBag from /opt/airflow/dags/spark-airflow.py
[2024-07-08T15:52:05.844+0000] {processor.py:839} INFO - DAG(s) dict_keys(['spark-airflow']) retrieved from /opt/airflow/dags/spark-airflow.py
[2024-07-08T15:52:05.870+0000] {logging_mixin.py:151} INFO - [2024-07-08T15:52:05.870+0000] {dag.py:2915} INFO - Sync 1 DAGs
[2024-07-08T15:52:05.891+0000] {logging_mixin.py:151} INFO - [2024-07-08T15:52:05.890+0000] {dag.py:3696} INFO - Setting next_dagrun for spark-airflow to 2024-07-07T00:00:00+00:00, run_after=2024-07-08T00:00:00+00:00
[2024-07-08T15:52:05.903+0000] {processor.py:179} INFO - Processing /opt/airflow/dags/spark-airflow.py took 0.081 seconds
[2024-07-08T15:52:36.158+0000] {processor.py:157} INFO - Started process (PID=369) to work on /opt/airflow/dags/spark-airflow.py
[2024-07-08T15:52:36.159+0000] {processor.py:829} INFO - Processing file /opt/airflow/dags/spark-airflow.py for tasks to queue
[2024-07-08T15:52:36.161+0000] {logging_mixin.py:151} INFO - [2024-07-08T15:52:36.161+0000] {dagbag.py:539} INFO - Filling up the DagBag from /opt/airflow/dags/spark-airflow.py
[2024-07-08T15:52:36.173+0000] {processor.py:839} INFO - DAG(s) dict_keys(['spark-airflow']) retrieved from /opt/airflow/dags/spark-airflow.py
[2024-07-08T15:52:36.199+0000] {logging_mixin.py:151} INFO - [2024-07-08T15:52:36.198+0000] {dag.py:2915} INFO - Sync 1 DAGs
[2024-07-08T15:52:36.217+0000] {logging_mixin.py:151} INFO - [2024-07-08T15:52:36.217+0000] {dag.py:3696} INFO - Setting next_dagrun for spark-airflow to 2024-07-07T00:00:00+00:00, run_after=2024-07-08T00:00:00+00:00
[2024-07-08T15:52:36.230+0000] {processor.py:179} INFO - Processing /opt/airflow/dags/spark-airflow.py took 0.075 seconds
